<?xml version="1.0" encoding="UTF-8"?>
<!-- Generated by org.testng.reporters.JUnitReportReporter -->
<testsuite hostname="LAPTOP-S7F1L181" failures="0" tests="16" name="com.runner.Runner" time="83.120" errors="1" timestamp="2022-12-31T08:21:39 CST" skipped="0">
  <testcase classname="com.runner.Runner" name="runScenario" time="22.711"/>
  <system-out/>
  <testcase classname="com.runner.Runner" name="runScenario" time="4.037"/>
  <system-out/>
  <testcase classname="com.runner.Runner" name="runScenario" time="3.379"/>
  <system-out/>
  <testcase classname="com.runner.Runner" name="runScenario" time="3.656"/>
  <system-out/>
  <testcase classname="com.runner.Runner" name="runScenario" time="1.678"/>
  <system-out/>
  <testcase classname="com.runner.Runner" name="runScenario" time="3.904"/>
  <system-out/>
  <testcase classname="com.runner.Runner" name="runScenario" time="3.975"/>
  <system-out/>
  <testcase classname="com.runner.Runner" name="runScenario" time="3.907"/>
  <system-out/>
  <testcase classname="com.runner.Runner" name="runScenario" time="3.448">
    <error message="element not interactable
  (Session info: chrome=108.0.5359.125)
Build info: version: &#039;4.7.1&#039;, revision: &#039;c6795baf1a3&#039;
System info: os.name: &#039;Windows 11&#039;, os.arch: &#039;amd64&#039;, os.version: &#039;10.0&#039;, java.version: &#039;11.0.16.1&#039;
Driver info: org.openqa.selenium.chrome.ChromeDriver
Command: [d46c4cd9eeca48babacb76acdcecf3d2, sendKeysToElement {id=ff1aa201-9598-42aa-b3cc-039aadca783f, value=[Ljava.lang.CharSequence;@2e929182}]
Capabilities {acceptInsecureCerts: false, browserName: chrome, browserVersion: 108.0.5359.125, chrome: {chromedriverVersion: 108.0.5359.71 (1e0e3868ee06..., userDataDir: C:\Users\xunee\AppData\Loca...}, goog:chromeOptions: {debuggerAddress: localhost:62174}, networkConnectionEnabled: false, pageLoadStrategy: normal, platformName: WINDOWS, proxy: Proxy(), se:cdp: ws://localhost:62174/devtoo..., se:cdpVersion: 108.0.5359.125, setWindowRect: true, strictFileInteractability: false, timeouts: {implicit: 0, pageLoad: 300000, script: 30000}, unhandledPromptBehavior: dismiss and notify, webauthn:extension:credBlob: true, webauthn:extension:largeBlob: true, webauthn:virtualAuthenticators: true}
Element: [[ChromeDriver: chrome on WINDOWS (d46c4cd9eeca48babacb76acdcecf3d2)] -&gt; xpath: //form/div/div/div/textarea]
Session ID: d46c4cd9eeca48babacb76acdcecf3d2" type="org.openqa.selenium.ElementNotInteractableException">
      <![CDATA[org.openqa.selenium.ElementNotInteractableException: element not interactable
  (Session info: chrome=108.0.5359.125)
Build info: version: '4.7.1', revision: 'c6795baf1a3'
System info: os.name: 'Windows 11', os.arch: 'amd64', os.version: '10.0', java.version: '11.0.16.1'
Driver info: org.openqa.selenium.chrome.ChromeDriver
Command: [d46c4cd9eeca48babacb76acdcecf3d2, sendKeysToElement {id=ff1aa201-9598-42aa-b3cc-039aadca783f, value=[Ljava.lang.CharSequence;@2e929182}]
Capabilities {acceptInsecureCerts: false, browserName: chrome, browserVersion: 108.0.5359.125, chrome: {chromedriverVersion: 108.0.5359.71 (1e0e3868ee06..., userDataDir: C:\Users\xunee\AppData\Loca...}, goog:chromeOptions: {debuggerAddress: localhost:62174}, networkConnectionEnabled: false, pageLoadStrategy: normal, platformName: WINDOWS, proxy: Proxy(), se:cdp: ws://localhost:62174/devtoo..., se:cdpVersion: 108.0.5359.125, setWindowRect: true, strictFileInteractability: false, timeouts: {implicit: 0, pageLoad: 300000, script: 30000}, unhandledPromptBehavior: dismiss and notify, webauthn:extension:credBlob: true, webauthn:extension:largeBlob: true, webauthn:virtualAuthenticators: true}
Element: [[ChromeDriver: chrome on WINDOWS (d46c4cd9eeca48babacb76acdcecf3d2)] -> xpath: //form/div/div/div/textarea]
Session ID: d46c4cd9eeca48babacb76acdcecf3d2
at java.base/jdk.internal.reflect.NativeConstructorAccessorImpl.newInstance0(Native Method)
at java.base/jdk.internal.reflect.NativeConstructorAccessorImpl.newInstance(NativeConstructorAccessorImpl.java:62)
at java.base/jdk.internal.reflect.DelegatingConstructorAccessorImpl.newInstance(DelegatingConstructorAccessorImpl.java:45)
at java.base/java.lang.reflect.Constructor.newInstance(Constructor.java:490)
at org.openqa.selenium.remote.codec.w3c.W3CHttpResponseCodec.createException(W3CHttpResponseCodec.java:200)
at org.openqa.selenium.remote.codec.w3c.W3CHttpResponseCodec.decode(W3CHttpResponseCodec.java:133)
at org.openqa.selenium.remote.codec.w3c.W3CHttpResponseCodec.decode(W3CHttpResponseCodec.java:53)
at org.openqa.selenium.remote.HttpCommandExecutor.execute(HttpCommandExecutor.java:184)
at org.openqa.selenium.remote.service.DriverCommandExecutor.invokeExecute(DriverCommandExecutor.java:167)
at org.openqa.selenium.remote.service.DriverCommandExecutor.execute(DriverCommandExecutor.java:142)
at org.openqa.selenium.remote.RemoteWebDriver.execute(RemoteWebDriver.java:551)
at org.openqa.selenium.remote.RemoteWebElement.execute(RemoteWebElement.java:257)
at org.openqa.selenium.remote.RemoteWebElement.sendKeys(RemoteWebElement.java:113)
at jdk.internal.reflect.GeneratedMethodAccessor96.invoke(Unknown Source)
at java.base/jdk.internal.reflect.DelegatingMethodAccessorImpl.invoke(DelegatingMethodAccessorImpl.java:43)
at java.base/java.lang.reflect.Method.invoke(Method.java:566)
at org.openqa.selenium.support.pagefactory.internal.LocatingElementHandler.invoke(LocatingElementHandler.java:52)
at com.sun.proxy.$Proxy28.sendKeys(Unknown Source)
at com.pageObjects.ArraysPage.clearPythoncode(ArraysPage.java:108)
at com.stepDefinations.ArraysStepDef.user_clear_the_text_and_enter_the_examples_python_code_print(ArraysStepDef.java:131)
at ✽.user clear the text and enter the examples Python code print("Max Consecutive Ones")(file:///C:/Users/xunee/eclipse-workspace-2022/ds-algo/src/test/resources/features/arrays.feature:75)
]]>
    </error>
  </testcase> <!-- runScenario -->
  <system-out/>
  <testcase classname="com.runner.Runner" name="runScenario" time="1.959"/>
  <system-out/>
  <testcase classname="com.runner.Runner" name="runScenario" time="16.320"/>
  <system-out/>
  <testcase classname="com.runner.Runner" name="runScenario" time="3.960"/>
  <system-out/>
  <testcase classname="com.runner.Runner" name="runScenario" time="1.778"/>
  <system-out/>
  <testcase classname="com.runner.Runner" name="runScenario" time="2.222"/>
  <system-out/>
  <testcase classname="com.runner.Runner" name="runScenario" time="4.107"/>
  <system-out/>
  <testcase classname="com.runner.Runner" name="runScenario" time="2.079"/>
  <system-out/>
</testsuite> <!-- com.runner.Runner -->
